<?xml version="1.0" encoding="UTF-8" ?>
<testsuite failures="0" time="0.863" errors="0" skipped="0" tests="73" name="com.idibon.api.client.APITest">
  <properties>
[...]
</properties>
  <testcase time="0.013" classname="com.idibon.api.client.APITest" name="testAPIKey"/>
  <testcase time="0.051" classname="com.idibon.api.client.APITest" name="testGetCollections"/>
  <testcase time="0.011" classname="com.idibon.api.client.APITest" name="testGetCollectionsError"/>
  <testcase time="0.015" classname="com.idibon.api.client.APITest" name="testGetCollection"/>
  <testcase time="0.012" classname="com.idibon.api.client.APITest" name="testGetCollectionError"/>
  <testcase time="0.013" classname="com.idibon.api.client.APITest" name="testPutCollection"/>
  <testcase time="0.012" classname="com.idibon.api.client.APITest" name="testPutCollectionError"/>
  <testcase time="0.013" classname="com.idibon.api.client.APITest" name="testPostCollection"/>
  <testcase time="0.013" classname="com.idibon.api.client.APITest" name="testPostCollectionNameInURL"/>
  <testcase time="0.012" classname="com.idibon.api.client.APITest" name="testPostCollectionError"/>
  <testcase time="0.018" classname="com.idibon.api.client.APITest" name="testPostNotExistingCollectionError"/>
  <testcase time="0.011" classname="com.idibon.api.client.APITest" name="testDeleteCollection"/>
  <testcase time="0.01" classname="com.idibon.api.client.APITest" name="testDeleteCollectionError"/>
  <testcase time="0.007" classname="com.idibon.api.client.APITest" name="testFlushCollection"/>
  <testcase time="0.008" classname="com.idibon.api.client.APITest" name="testFlushCollectionError"/>
  <testcase time="0.017" classname="com.idibon.api.client.APITest" name="testGetDocuments"/>
  <testcase time="0.008" classname="com.idibon.api.client.APITest" name="testGetDocumentsNotFoundError"/>
  <testcase time="0.012" classname="com.idibon.api.client.APITest" name="testGetDocumentsSortFieldError"/>
  <testcase time="0.009" classname="com.idibon.api.client.APITest" name="testGetDocumentsSortOrderError"/>
  <testcase time="0.009" classname="com.idibon.api.client.APITest" name="testGetDocumentsNoTaskError"/>
  <testcase time="0.009" classname="com.idibon.api.client.APITest" name="testGetDocumentsNoLabelError"/>
  <testcase time="0.006" classname="com.idibon.api.client.APITest" name="testGetDocumentsCountStringError"/>
  <testcase time="0.006" classname="com.idibon.api.client.APITest" name="testGetDocumentsStartNegativeError"/>
  <testcase time="0.011" classname="com.idibon.api.client.APITest" name="testDocumentIterator"/>
  <testcase time="0.015" classname="com.idibon.api.client.APITest" name="testGetFullDocuments"/>
  <testcase time="0.007" classname="com.idibon.api.client.APITest" name="testGetFullDocumentsNotFoundError"/>
  <testcase time="0.011" classname="com.idibon.api.client.APITest" name="testGetFullDocumentsSortFieldError"/>
  <testcase time="0.009" classname="com.idibon.api.client.APITest" name="testGetFullDocumentsSortOrderError"/>
  <testcase time="0.009" classname="com.idibon.api.client.APITest" name="testGetFullDocumentsNoTaskError"/>
  <testcase time="0.007" classname="com.idibon.api.client.APITest" name="testGetFullDocumentsNoLabelError"/>
  <testcase time="0.011" classname="com.idibon.api.client.APITest" name="testGetFullDocumentsCountStringError"/>
  <testcase time="0.009" classname="com.idibon.api.client.APITest" name="testGetFullDocumentsStartNegativeError"/>
  <testcase time="0.013" classname="com.idibon.api.client.APITest" name="testFullDocumentIterator"/>
  <testcase time="0.008" classname="com.idibon.api.client.APITest" name="testGetDocument"/>
  <testcase time="0.008" classname="com.idibon.api.client.APITest" name="testGetDocumentError"/>
  <testcase time="0.01" classname="com.idibon.api.client.APITest" name="testPutDocument"/>
  <testcase time="0.011" classname="com.idibon.api.client.APITest" name="testPutDocumentNameInURL"/>
  <testcase time="0.011" classname="com.idibon.api.client.APITest" name="testPutDocumentError"/>
  <testcase time="0.008" classname="com.idibon.api.client.APITest" name="testPostDocuments"/>
  <testcase time="0.008" classname="com.idibon.api.client.APITest" name="testPostDocumentsError"/>
  <testcase time="0.007" classname="com.idibon.api.client.APITest" name="testPostDocumentBlankListError"/>
  <testcase time="0.006" classname="com.idibon.api.client.APITest" name="testDeleteDocument"/>
  <testcase time="0.005" classname="com.idibon.api.client.APITest" name="testDeleteDocumentError"/>
  <testcase time="0.011" classname="com.idibon.api.client.APITest" name="testGetTask"/>
  <testcase time="0.006" classname="com.idibon.api.client.APITest" name="testGetTaskError"/>
  <testcase time="0.008" classname="com.idibon.api.client.APITest" name="testPutTask"/>
  <testcase time="0.007" classname="com.idibon.api.client.APITest" name="testPutTaskNameInURL"/>
  <testcase time="0.007" classname="com.idibon.api.client.APITest" name="testPutTaskDescriptionError"/>
  <testcase time="0.007" classname="com.idibon.api.client.APITest" name="testPutTaskScopeError"/>
  <testcase time="0.006" classname="com.idibon.api.client.APITest" name="testPostTask"/>
  <testcase time="0.007" classname="com.idibon.api.client.APITest" name="testPostTaskError"/>
  <testcase time="0.004" classname="com.idibon.api.client.APITest" name="testDeleteTask"/>
  <testcase time="0.005" classname="com.idibon.api.client.APITest" name="testDeleteTaskError"/>
  <testcase time="0.005" classname="com.idibon.api.client.APITest" name="testPostLabels"/>
  <testcase time="0.006" classname="com.idibon.api.client.APITest" name="testPostLabelsError"/>
  <testcase time="0.004" classname="com.idibon.api.client.APITest" name="testDeleteLabel"/>
  <testcase time="0.004" classname="com.idibon.api.client.APITest" name="testDeleteLabelError"/>
  <testcase time="0.007" classname="com.idibon.api.client.APITest" name="testPostAnnotations"/>
  <testcase time="0.004" classname="com.idibon.api.client.APITest" name="testPostAnnotationsNoTaskError"/>
  <testcase time="0.004" classname="com.idibon.api.client.APITest" name="testPostAnnotationsDocNotFoundError"/>
  <testcase time="0.003" classname="com.idibon.api.client.APITest" name="testDeleteAnnotation"/>
  <testcase time="0.004" classname="com.idibon.api.client.APITest" name="testDeleteAnnotationNotFoundError"/>
  <testcase time="0.006" classname="com.idibon.api.client.APITest" name="testDeleteAnnotationDocNotFoundError"/>
  <testcase time="0.008" classname="com.idibon.api.client.APITest" name="testGetFeatures"/>
  <testcase time="0.003" classname="com.idibon.api.client.APITest" name="testGetFeaturesError"/>
  <testcase time="0.007" classname="com.idibon.api.client.APITest" name="testPostFeatures"/>
  <testcase time="0.004" classname="com.idibon.api.client.APITest" name="testPostFeaturesError"/>
  <testcase time="0.004" classname="com.idibon.api.client.APITest" name="testDeleteFeature"/>
  <testcase time="0.003" classname="com.idibon.api.client.APITest" name="testDeleteFeatureNotFoundError"/>
  <testcase time="0.003" classname="com.idibon.api.client.APITest" name="testDeleteFeatureFeatureNotFoundError"/>
  <testcase time="0.003" classname="com.idibon.api.client.APITest" name="testPredictionForText"/>
  <testcase time="0.004" classname="com.idibon.api.client.APITest" name="testPredictionForDocument"/>
  <testcase time="0.002" classname="com.idibon.api.client.APITest" name="testPredictionError"/>
</testsuite>